[debug] [2020-11-17T20:16:42.741Z] ----------------------------------------------------------------------
[debug] [2020-11-17T20:16:42.745Z] Command:       /usr/local/bin/node /usr/local/bin/firebase init
[debug] [2020-11-17T20:16:42.745Z] CLI Version:   8.16.2
[debug] [2020-11-17T20:16:42.745Z] Platform:      darwin
[debug] [2020-11-17T20:16:42.745Z] Node Version:  v12.18.3
[debug] [2020-11-17T20:16:42.747Z] Time:          Tue Nov 17 2020 14:16:42 GMT-0600 (Central Standard Time)
[debug] [2020-11-17T20:16:42.747Z] ----------------------------------------------------------------------
[debug] [2020-11-17T20:16:42.747Z] 
[debug] [2020-11-17T20:16:42.846Z] > command requires scopes: ["email","openid","https://www.googleapis.com/auth/cloudplatformprojects.readonly","https://www.googleapis.com/auth/firebase","https://www.googleapis.com/auth/cloud-platform"]
[debug] [2020-11-17T20:16:42.847Z] > authorizing via signed-in user
[info] 
     ######## #### ########  ######## ########     ###     ######  ########
     ##        ##  ##     ## ##       ##     ##  ##   ##  ##       ##
     ######    ##  ########  ######   ########  #########  ######  ######
     ##        ##  ##    ##  ##       ##     ## ##     ##       ## ##
     ##       #### ##     ## ######## ########  ##     ##  ######  ########

You're about to initialize a Firebase project in this directory:

  /Users/diegohuesos/Documents/CODING/FirebaseChatApp/superchat

[info] 
=== Project Setup
[info] 
[info] First, let's associate this project directory with a Firebase project.
[info] You can create multiple project aliases by running firebase use --add, 
[info] but for now we'll just set up a default project.
[info] 
[debug] [2020-11-17T20:17:47.307Z] > refreshing access token with scopes: ["email","https://www.googleapis.com/auth/cloud-platform","https://www.googleapis.com/auth/cloudplatformprojects.readonly","https://www.googleapis.com/auth/firebase","openid"]
[debug] [2020-11-17T20:17:47.308Z] >>> HTTP REQUEST POST https://www.googleapis.com/oauth2/v3/token  
 <request body omitted>
[debug] [2020-11-17T20:17:47.796Z] <<< HTTP RESPONSE 200 {"expires":"Mon, 01 Jan 1990 00:00:00 GMT","date":"Tue, 17 Nov 2020 20:17:47 GMT","pragma":"no-cache","cache-control":"no-cache, no-store, max-age=0, must-revalidate","content-type":"application/json; charset=utf-8","vary":"X-Origin, Referer, Origin,Accept-Encoding","server":"scaffolding on HTTPServer2","x-xss-protection":"0","x-frame-options":"SAMEORIGIN","x-content-type-options":"nosniff","alt-svc":"h3-29=\":443\"; ma=2592000,h3-T051=\":443\"; ma=2592000,h3-Q050=\":443\"; ma=2592000,h3-Q046=\":443\"; ma=2592000,h3-Q043=\":443\"; ma=2592000,quic=\":443\"; ma=2592000; v=\"46,43\"","accept-ranges":"none","transfer-encoding":"chunked"}
[debug] [2020-11-17T20:17:47.903Z] >>> HTTP REQUEST GET https://firebase.googleapis.com/v1beta1/projects?pageSize=100  
 
[debug] [2020-11-17T20:17:48.524Z] <<< HTTP RESPONSE 200 {"content-type":"application/json; charset=UTF-8","vary":"X-Origin, Referer, Origin,Accept-Encoding","date":"Tue, 17 Nov 2020 20:17:48 GMT","server":"ESF","cache-control":"private","x-xss-protection":"0","x-frame-options":"SAMEORIGIN","x-content-type-options":"nosniff","alt-svc":"h3-Q050=\":443\"; ma=2592000,h3-29=\":443\"; ma=2592000,h3-T051=\":443\"; ma=2592000,h3-Q046=\":443\"; ma=2592000,h3-Q043=\":443\"; ma=2592000,quic=\":443\"; ma=2592000; v=\"46,43\"","accept-ranges":"none","transfer-encoding":"chunked"}
[info] i  Using project superchat-34dec (superchat) 
[info] 
=== Database Setup
[info] 
[info] Firebase Realtime Database Rules allow you to define how your data should be
[info] structured and when your data can be read from and written to.
[info] 
[debug] [2020-11-17T20:18:00.765Z] >>> HTTP REQUEST GET https://superchat-34dec.firebaseio.com/.settings/rules.json  
 
[debug] [2020-11-17T20:18:01.417Z] <<< HTTP RESPONSE 200 {"server":"nginx","date":"Tue, 17 Nov 2020 20:18:01 GMT","content-type":"application/json; charset=utf-8","content-length":"161","connection":"keep-alive","access-control-allow-origin":"*","cache-control":"no-cache","strict-transport-security":"max-age=31556926; includeSubDomains; preload"}
[info] ✔  Database Rules for superchat-34dec have been downloaded to database.rules.json. 
[info] Future modifications to database.rules.json will update Database Rules when you run
[info] firebase deploy.
[info] 
=== Firestore Setup
[debug] [2020-11-17T20:18:01.421Z] >>> HTTP REQUEST GET https://serviceusage.googleapis.com/v1/projects/superchat-34dec/services/firestore.googleapis.com  
 
[debug] [2020-11-17T20:18:02.190Z] <<< HTTP RESPONSE 200 {"content-type":"application/json; charset=UTF-8","vary":"X-Origin, Referer, Origin,Accept-Encoding","date":"Tue, 17 Nov 2020 20:18:01 GMT","server":"ESF","cache-control":"private","x-xss-protection":"0","x-frame-options":"SAMEORIGIN","x-content-type-options":"nosniff","alt-svc":"h3-Q050=\":443\"; ma=2592000,h3-29=\":443\"; ma=2592000,h3-T051=\":443\"; ma=2592000,h3-Q046=\":443\"; ma=2592000,h3-Q043=\":443\"; ma=2592000,quic=\":443\"; ma=2592000; v=\"46,43\"","accept-ranges":"none","transfer-encoding":"chunked"}
[debug] [2020-11-17T20:18:02.192Z] >>> HTTP REQUEST GET https://appengine.googleapis.com/v1/apps/superchat-34dec  
 
[debug] [2020-11-17T20:18:02.757Z] <<< HTTP RESPONSE 200 {"content-type":"application/json; charset=UTF-8","vary":"X-Origin, Referer, Origin,Accept-Encoding","date":"Tue, 17 Nov 2020 20:18:02 GMT","server":"ESF","cache-control":"private","x-xss-protection":"0","x-frame-options":"SAMEORIGIN","x-content-type-options":"nosniff","alt-svc":"h3-29=\":443\"; ma=2592000,h3-T051=\":443\"; ma=2592000,h3-Q050=\":443\"; ma=2592000,h3-Q046=\":443\"; ma=2592000,h3-Q043=\":443\"; ma=2592000,quic=\":443\"; ma=2592000; v=\"46,43\"","accept-ranges":"none","transfer-encoding":"chunked"}
[debug] [2020-11-17T20:18:02.758Z] database_type: CLOUD_FIRESTORE
[debug] [2020-11-17T20:18:02.758Z] > command requires scopes: ["email","openid","https://www.googleapis.com/auth/cloudplatformprojects.readonly","https://www.googleapis.com/auth/firebase","https://www.googleapis.com/auth/cloud-platform"]
[debug] [2020-11-17T20:18:02.759Z] > authorizing via signed-in user
[debug] [2020-11-17T20:18:02.759Z] [iam] checking project superchat-34dec for permissions ["firebase.projects.get"]
[debug] [2020-11-17T20:18:02.760Z] >>> HTTP REQUEST POST https://cloudresourcemanager.googleapis.com/v1/projects/superchat-34dec:testIamPermissions  
 {"permissions":["firebase.projects.get"]}
[debug] [2020-11-17T20:18:03.163Z] <<< HTTP RESPONSE 200 {"content-type":"application/json; charset=UTF-8","vary":"X-Origin, Referer, Origin,Accept-Encoding","date":"Tue, 17 Nov 2020 20:18:03 GMT","server":"ESF","cache-control":"private","x-xss-protection":"0","x-frame-options":"SAMEORIGIN","x-content-type-options":"nosniff","server-timing":"gfet4t7; dur=104","alt-svc":"h3-Q050=\":443\"; ma=2592000,h3-29=\":443\"; ma=2592000,h3-T051=\":443\"; ma=2592000,h3-Q046=\":443\"; ma=2592000,h3-Q043=\":443\"; ma=2592000,quic=\":443\"; ma=2592000; v=\"46,43\"","accept-ranges":"none","transfer-encoding":"chunked"}
[info] 
[info] Firestore Security Rules allow you to define how and when to allow
[info] requests. You can keep these rules in your project directory
[info] and publish them with firebase deploy.
[info] 
[debug] [2020-11-17T20:18:05.457Z] >>> HTTP REQUEST GET https://firebaserules.googleapis.com/v1/projects/superchat-34dec/releases?pageSize=10&pageToken=  
 
[debug] [2020-11-17T20:18:05.897Z] <<< HTTP RESPONSE 200 {"content-type":"application/json; charset=UTF-8","vary":"X-Origin, Referer, Origin,Accept-Encoding","date":"Tue, 17 Nov 2020 20:18:05 GMT","server":"ESF","cache-control":"private","x-xss-protection":"0","x-frame-options":"SAMEORIGIN","x-content-type-options":"nosniff","alt-svc":"h3-Q050=\":443\"; ma=2592000,h3-29=\":443\"; ma=2592000,h3-T051=\":443\"; ma=2592000,h3-Q046=\":443\"; ma=2592000,h3-Q043=\":443\"; ma=2592000,quic=\":443\"; ma=2592000; v=\"46,43\"","accept-ranges":"none","transfer-encoding":"chunked"}
[debug] [2020-11-17T20:18:05.898Z] Found ruleset: projects/superchat-34dec/rulesets/53d31d6d-6698-442a-91dd-d2e1832000e0
[debug] [2020-11-17T20:18:05.899Z] >>> HTTP REQUEST GET https://firebaserules.googleapis.com/v1/projects/superchat-34dec/rulesets/53d31d6d-6698-442a-91dd-d2e1832000e0  
 
[debug] [2020-11-17T20:18:06.203Z] <<< HTTP RESPONSE 200 {"content-type":"application/json; charset=UTF-8","vary":"X-Origin, Referer, Origin,Accept-Encoding","date":"Tue, 17 Nov 2020 20:18:06 GMT","server":"ESF","cache-control":"private","x-xss-protection":"0","x-frame-options":"SAMEORIGIN","x-content-type-options":"nosniff","alt-svc":"h3-Q050=\":443\"; ma=2592000,h3-29=\":443\"; ma=2592000,h3-T051=\":443\"; ma=2592000,h3-Q046=\":443\"; ma=2592000,h3-Q043=\":443\"; ma=2592000,quic=\":443\"; ma=2592000; v=\"46,43\"","accept-ranges":"none","transfer-encoding":"chunked"}
[info] 
[info] Firestore indexes allow you to perform complex queries while
[info] maintaining performance that scales with the size of the result
[info] set. You can keep index definitions in your project directory
[info] and publish them with firebase deploy.
[info] 
[debug] [2020-11-17T20:18:07.108Z] >>> HTTP REQUEST GET https://firestore.googleapis.com/v1/projects/superchat-34dec/databases/(default)/collectionGroups/-/indexes  
 
[debug] [2020-11-17T20:18:07.108Z] >>> HTTP REQUEST GET https://firestore.googleapis.com/v1/projects/superchat-34dec/databases/(default)/collectionGroups/-/fields?filter=indexConfig.usesAncestorConfig=false  
 
[debug] [2020-11-17T20:18:07.551Z] <<< HTTP RESPONSE 200 {"content-type":"application/json; charset=UTF-8","vary":"X-Origin, Referer, Origin,Accept-Encoding","date":"Tue, 17 Nov 2020 20:18:07 GMT","server":"ESF","cache-control":"private","x-xss-protection":"0","x-frame-options":"SAMEORIGIN","x-content-type-options":"nosniff","alt-svc":"h3-29=\":443\"; ma=2592000,h3-T051=\":443\"; ma=2592000,h3-Q050=\":443\"; ma=2592000,h3-Q046=\":443\"; ma=2592000,h3-Q043=\":443\"; ma=2592000,quic=\":443\"; ma=2592000; v=\"46,43\"","accept-ranges":"none","transfer-encoding":"chunked"}
[debug] [2020-11-17T20:18:07.994Z] <<< HTTP RESPONSE 200 {"content-type":"application/json; charset=UTF-8","vary":"X-Origin, Referer, Origin,Accept-Encoding","date":"Tue, 17 Nov 2020 20:18:07 GMT","server":"ESF","cache-control":"private","x-xss-protection":"0","x-frame-options":"SAMEORIGIN","x-content-type-options":"nosniff","alt-svc":"h3-29=\":443\"; ma=2592000,h3-T051=\":443\"; ma=2592000,h3-Q050=\":443\"; ma=2592000,h3-Q046=\":443\"; ma=2592000,h3-Q043=\":443\"; ma=2592000,quic=\":443\"; ma=2592000; v=\"46,43\"","accept-ranges":"none","transfer-encoding":"chunked"}
[info] 
=== Functions Setup
[info] 
[info] A functions directory will be created in your project with a Node.js
[info] package pre-configured. Functions can be deployed with firebase deploy.
[info] 
[debug] [2020-11-17T20:18:07.996Z] > command requires scopes: ["email","openid","https://www.googleapis.com/auth/cloudplatformprojects.readonly","https://www.googleapis.com/auth/firebase","https://www.googleapis.com/auth/cloud-platform"]
[debug] [2020-11-17T20:18:07.997Z] > authorizing via signed-in user
[debug] [2020-11-17T20:18:07.997Z] [iam] checking project superchat-34dec for permissions ["firebase.projects.get"]
[debug] [2020-11-17T20:18:07.997Z] >>> HTTP REQUEST POST https://cloudresourcemanager.googleapis.com/v1/projects/superchat-34dec:testIamPermissions  
 {"permissions":["firebase.projects.get"]}
[debug] [2020-11-17T20:18:08.296Z] <<< HTTP RESPONSE 200 {"content-type":"application/json; charset=UTF-8","vary":"X-Origin, Referer, Origin,Accept-Encoding","date":"Tue, 17 Nov 2020 20:18:08 GMT","server":"ESF","cache-control":"private","x-xss-protection":"0","x-frame-options":"SAMEORIGIN","x-content-type-options":"nosniff","server-timing":"gfet4t7; dur=94","alt-svc":"h3-Q050=\":443\"; ma=2592000,h3-29=\":443\"; ma=2592000,h3-T051=\":443\"; ma=2592000,h3-Q046=\":443\"; ma=2592000,h3-Q043=\":443\"; ma=2592000,quic=\":443\"; ma=2592000; v=\"46,43\"","accept-ranges":"none","transfer-encoding":"chunked"}
[debug] [2020-11-17T20:18:08.297Z] >>> HTTP REQUEST POST https://serviceusage.googleapis.com/v1/projects/superchat-34dec/services/cloudfunctions.googleapis.com:enable  
 
[debug] [2020-11-17T20:18:08.298Z] >>> HTTP REQUEST POST https://serviceusage.googleapis.com/v1/projects/superchat-34dec/services/runtimeconfig.googleapis.com:enable  
 
[debug] [2020-11-17T20:18:08.732Z] <<< HTTP RESPONSE 200 {"content-type":"application/json; charset=UTF-8","vary":"X-Origin, Referer, Origin,Accept-Encoding","date":"Tue, 17 Nov 2020 20:18:08 GMT","server":"ESF","cache-control":"private","x-xss-protection":"0","x-frame-options":"SAMEORIGIN","x-content-type-options":"nosniff","alt-svc":"h3-Q050=\":443\"; ma=2592000,h3-29=\":443\"; ma=2592000,h3-T051=\":443\"; ma=2592000,h3-Q046=\":443\"; ma=2592000,h3-Q043=\":443\"; ma=2592000,quic=\":443\"; ma=2592000; v=\"46,43\"","accept-ranges":"none","transfer-encoding":"chunked"}
[debug] [2020-11-17T20:18:08.790Z] <<< HTTP RESPONSE 200 {"content-type":"application/json; charset=UTF-8","vary":"X-Origin, Referer, Origin,Accept-Encoding","date":"Tue, 17 Nov 2020 20:18:08 GMT","server":"ESF","cache-control":"private","x-xss-protection":"0","x-frame-options":"SAMEORIGIN","x-content-type-options":"nosniff","alt-svc":"h3-Q050=\":443\"; ma=2592000,h3-29=\":443\"; ma=2592000,h3-T051=\":443\"; ma=2592000,h3-Q046=\":443\"; ma=2592000,h3-Q043=\":443\"; ma=2592000,quic=\":443\"; ma=2592000; v=\"46,43\"","accept-ranges":"none","transfer-encoding":"chunked"}
[info] ✔  Wrote functions/package.json 
[info] ✔  Wrote functions/.eslintrc.json 
[info] ✔  Wrote functions/index.js 
[info] ✔  Wrote functions/.gitignore 
[info] 
=== Hosting Setup
[info] 
[info] Your public directory is the folder (relative to your project directory) that
[info] will contain Hosting assets to be uploaded with firebase deploy. If you
[info] have a build process for your assets, use your build's output directory.
[info] 
[debug] [2020-11-17T20:20:16.084Z] >>> HTTP REQUEST GET https://www.gstatic.com/firebasejs/releases.json  
 
[debug] [2020-11-17T20:20:16.310Z] <<< HTTP RESPONSE 200 {"accept-ranges":"bytes","vary":"Accept-Encoding, Origin","content-type":"application/json","cross-origin-resource-policy":"cross-origin","content-length":"1411","date":"Tue, 17 Nov 2020 20:13:12 GMT","expires":"Tue, 17 Nov 2020 21:03:12 GMT","last-modified":"Fri, 13 Nov 2020 00:33:17 GMT","x-content-type-options":"nosniff","server":"sffe","x-xss-protection":"0","cache-control":"public, max-age=3000","age":"424","alt-svc":"h3-Q050=\":443\"; ma=2592000,h3-29=\":443\"; ma=2592000,h3-T051=\":443\"; ma=2592000,h3-Q046=\":443\"; ma=2592000,h3-Q043=\":443\"; ma=2592000,quic=\":443\"; ma=2592000; v=\"46,43\""}
[info] i  Skipping write of public/index.html 
[info] 
[info] i  Detected a .git folder at /Users/diegohuesos/Documents/CODING/FirebaseChatApp/superchat 
[info] i  Authorizing with GitHub to upload your service account to a GitHub repository's secrets store. 
[info] 
[info] Visit this URL on this device to log in:
[info] https://github.com/login/oauth/authorize?client_id=89cf50f02ac6aaed3484&state=358855093&redirect_uri=http%3A%2F%2Flocalhost%3A9005&scope=read%3Auser%20repo%20public_repo
[info] 
[info] Waiting for authentication...
[debug] [2020-11-17T20:20:42.989Z] >>> HTTP REQUEST POST https://github.com/login/oauth/access_token  
 {"client_id":"89cf50f02ac6aaed3484","client_secret":"3330d14abc895d9a74d5f17cd7a00711fa2c5bf0","code":"e940b0db856f30aabd9b","redirect_uri":"http://localhost:9005","state":"358855093"}
[debug] [2020-11-17T20:20:43.445Z] <<< HTTP RESPONSE 200 {"server":"GitHub.com","date":"Tue, 17 Nov 2020 20:20:43 GMT","content-type":"application/json; charset=utf-8","transfer-encoding":"chunked","status":"200 OK","vary":"X-PJAX, Accept-Encoding, Accept, X-Requested-With","etag":"W/\"20138051b7031f56fd2aeca7cbaf6657\"","cache-control":"max-age=0, private, must-revalidate","strict-transport-security":"max-age=31536000; includeSubdomains; preload","x-frame-options":"deny","x-content-type-options":"nosniff","x-xss-protection":"1; mode=block","referrer-policy":"origin-when-cross-origin, strict-origin-when-cross-origin","expect-ct":"max-age=2592000, report-uri=\"https://api.github.com/_private/browser/errors\"","content-security-policy":"default-src 'none'; base-uri 'self'; block-all-mixed-content; connect-src 'self' uploads.github.com www.githubstatus.com collector.githubapp.com api.github.com github-cloud.s3.amazonaws.com github-production-repository-file-5c1aeb.s3.amazonaws.com github-production-upload-manifest-file-7fdce7.s3.amazonaws.com github-production-user-asset-6210df.s3.amazonaws.com cdn.optimizely.com logx.optimizely.com/v1/events wss://alive.github.com; font-src github.githubassets.com; form-action 'self' github.com gist.github.com; frame-ancestors 'none'; frame-src render.githubusercontent.com; img-src 'self' data: github.githubassets.com identicons.github.com collector.githubapp.com github-cloud.s3.amazonaws.com *.githubusercontent.com; manifest-src 'self'; media-src 'none'; script-src github.githubassets.com; style-src 'unsafe-inline' github.githubassets.com; worker-src github.com/socket-worker.js gist.github.com/socket-worker.js","x-github-request-id":"612F:302B:20C650C:327BB2B:5FB4309B"}
[debug] [2020-11-17T20:20:43.446Z] >>> HTTP REQUEST GET https://api.github.com/user  
 
[debug] [2020-11-17T20:20:43.848Z] <<< HTTP RESPONSE 200 {"server":"GitHub.com","date":"Tue, 17 Nov 2020 20:20:43 GMT","content-type":"application/json; charset=utf-8","content-length":"1518","status":"200 OK","cache-control":"private, max-age=60, s-maxage=60","vary":"Accept, Authorization, Cookie, X-GitHub-OTP, Accept-Encoding, Accept, X-Requested-With","etag":"\"ed4008ce10cac431f869cf47fdce1a54d1373dad5b316575dc541c8731a7d61f\"","last-modified":"Tue, 17 Nov 2020 20:20:42 GMT","x-oauth-scopes":"read:user, repo","x-accepted-oauth-scopes":"","x-oauth-client-id":"89cf50f02ac6aaed3484","x-github-media-type":"github.v3","x-ratelimit-limit":"5000","x-ratelimit-remaining":"4999","x-ratelimit-reset":"1605648043","x-ratelimit-used":"1","access-control-expose-headers":"ETag, Link, Location, Retry-After, X-GitHub-OTP, X-RateLimit-Limit, X-RateLimit-Remaining, X-RateLimit-Used, X-RateLimit-Reset, X-OAuth-Scopes, X-Accepted-OAuth-Scopes, X-Poll-Interval, X-GitHub-Media-Type, Deprecation, Sunset","access-control-allow-origin":"*","strict-transport-security":"max-age=31536000; includeSubdomains; preload","x-frame-options":"deny","x-content-type-options":"nosniff","x-xss-protection":"1; mode=block","referrer-policy":"origin-when-cross-origin, strict-origin-when-cross-origin","content-security-policy":"default-src 'none'","x-github-request-id":"BCE7:3F0A:1B1AF6C:3C0CC92:5FB4309B"}
[info] 
[info] ✔  Success! Logged into GitHub as DiegoHuesos 
[info] 
[debug] [2020-11-17T20:20:57.864Z] >>> HTTP REQUEST GET https://api.github.com/repos/superchat/actions/secrets/public-key?type=owner  
 
[debug] [2020-11-17T20:20:58.251Z] <<< HTTP RESPONSE 404 {"server":"GitHub.com","date":"Tue, 17 Nov 2020 20:20:58 GMT","content-type":"application/json; charset=utf-8","content-length":"74","status":"404 Not Found","x-oauth-scopes":"read:user, repo","x-accepted-oauth-scopes":"repo","x-oauth-client-id":"89cf50f02ac6aaed3484","x-github-media-type":"github.v3","x-ratelimit-limit":"5000","x-ratelimit-remaining":"4998","x-ratelimit-reset":"1605648043","x-ratelimit-used":"2","access-control-expose-headers":"ETag, Link, Location, Retry-After, X-GitHub-OTP, X-RateLimit-Limit, X-RateLimit-Remaining, X-RateLimit-Used, X-RateLimit-Reset, X-OAuth-Scopes, X-Accepted-OAuth-Scopes, X-Poll-Interval, X-GitHub-Media-Type, Deprecation, Sunset","access-control-allow-origin":"*","strict-transport-security":"max-age=31536000; includeSubdomains; preload","x-frame-options":"deny","x-content-type-options":"nosniff","x-xss-protection":"1; mode=block","referrer-policy":"origin-when-cross-origin, strict-origin-when-cross-origin","content-security-policy":"default-src 'none'","vary":"Accept-Encoding, Accept, X-Requested-With","x-github-request-id":"838A:223E:2C7A048:69E25F9:5FB430A9"}
[debug] [2020-11-17T20:20:58.252Z] <<< HTTP RESPONSE BODY Not Found {"message":"Not Found","documentation_url":"https://docs.github.com/rest"}
[debug] [2020-11-17T20:21:01.593Z] >>> HTTP REQUEST GET https://api.github.com/repos//actions/secrets/public-key?type=owner  
 
[debug] [2020-11-17T20:21:02.052Z] <<< HTTP RESPONSE 404 {"server":"GitHub.com","date":"Tue, 17 Nov 2020 20:21:01 GMT","content-type":"application/json; charset=utf-8","content-length":"74","status":"404 Not Found","x-oauth-scopes":"read:user, repo","x-accepted-oauth-scopes":"repo","x-oauth-client-id":"89cf50f02ac6aaed3484","x-github-media-type":"github.v3","x-ratelimit-limit":"5000","x-ratelimit-remaining":"4997","x-ratelimit-reset":"1605648043","x-ratelimit-used":"3","access-control-expose-headers":"ETag, Link, Location, Retry-After, X-GitHub-OTP, X-RateLimit-Limit, X-RateLimit-Remaining, X-RateLimit-Used, X-RateLimit-Reset, X-OAuth-Scopes, X-Accepted-OAuth-Scopes, X-Poll-Interval, X-GitHub-Media-Type, Deprecation, Sunset","access-control-allow-origin":"*","strict-transport-security":"max-age=31536000; includeSubdomains; preload","x-frame-options":"deny","x-content-type-options":"nosniff","x-xss-protection":"1; mode=block","referrer-policy":"origin-when-cross-origin, strict-origin-when-cross-origin","content-security-policy":"default-src 'none'","vary":"Accept-Encoding, Accept, X-Requested-With","x-github-request-id":"C92F:6DEC:763E17:1122FE6:5FB430AD"}
[debug] [2020-11-17T20:21:02.052Z] <<< HTTP RESPONSE BODY Not Found {"message":"Not Found","documentation_url":"https://docs.github.com/rest"}
